<?xml version="1.0" encoding="UTF-8"?>
<!-- Generated by org.testng.reporters.JUnitReportReporter -->
<testsuite hostname="INLEN8520051768" failures="0" tests="1" name="popups.AuthenicationPopUp" time="7.486" errors="0" timestamp="2022-08-14T11:13:38 IST" skipped="0">
  <testcase classname="popups.AuthenicationPopUp" name="run" time="7.486"/>
  <system-out/>
</testsuite> <!-- popups.AuthenicationPopUp -->
