<?xml version="1.0" encoding="UTF-8"?>
<!-- Generated by org.testng.reporters.JUnitReportReporter -->
<testsuite hostname="INLEN8520051768" failures="0" tests="1" name="action.MouseActions" time="10.949" errors="0" timestamp="2022-08-18T12:41:53 IST" skipped="0">
  <testcase classname="action.MouseActions" name="run" time="10.949"/>
  <system-out/>
</testsuite> <!-- action.MouseActions -->
