<?xml version="1.0" encoding="UTF-8"?>
<!-- Generated by org.testng.reporters.JUnitReportReporter -->
<testsuite hostname="INLEN8520051768" failures="0" tests="2" name="action.ActionsAndAction" time="6.795" errors="0" timestamp="2022-08-18T15:49:41 IST" skipped="0">
  <testcase classname="action.ActionsAndAction" name="runUsingActions" time="4.423"/>
  <system-out/>
  <testcase classname="action.ActionsAndAction" name="runUsingAction" time="2.372"/>
  <system-out/>
</testsuite> <!-- action.ActionsAndAction -->
