<?xml version="1.0" encoding="UTF-8"?>
<!-- Generated by org.testng.reporters.JUnitReportReporter -->
<testsuite hostname="INLEN8520051768" failures="0" tests="1" name="alerts.Demo" time="9.308" errors="0" timestamp="2022-08-14T10:40:32 IST" skipped="0">
  <testcase classname="alerts.Demo" name="alerts" time="9.308"/>
  <system-out/>
</testsuite> <!-- alerts.Demo -->
