<?xml version="1.0" encoding="UTF-8"?>
<!-- Generated by org.testng.reporters.JUnitReportReporter -->
<testsuite hostname="INLEN8520051768" failures="0" tests="1" name="popups.AcceptDismiss" time="0.005" errors="0" timestamp="2022-08-14T10:43:04 IST" skipped="0">
  <testcase classname="popups.AcceptDismiss" name="run" time="0.005"/>
  <system-out/>
</testsuite> <!-- popups.AcceptDismiss -->
