<?xml version="1.0" encoding="UTF-8"?>
<!-- Generated by org.testng.reporters.JUnitReportReporter -->
<testsuite hostname="INLEN8520051768" failures="0" tests="1" name="action.Sample" time="4.721" errors="0" timestamp="2022-08-18T12:17:56 IST" skipped="0">
  <testcase classname="action.Sample" name="run" time="4.721"/>
  <system-out/>
</testsuite> <!-- action.Sample -->
