<?xml version="1.0" encoding="UTF-8"?>
<!-- Generated by org.testng.reporters.JUnitReportReporter -->
<testsuite hostname="INLEN8520051768" failures="0" tests="1" name="popups.SignInConfirmation" time="2.307" errors="0" timestamp="2022-08-18T16:16:00 IST" skipped="0">
  <testcase classname="popups.SignInConfirmation" name="run" time="2.307"/>
  <system-out/>
</testsuite> <!-- popups.SignInConfirmation -->
