<?xml version="1.0" encoding="UTF-8"?>
<!-- Generated by org.testng.reporters.JUnitReportReporter -->
<testsuite hostname="INLEN8520051768" failures="0" tests="1" name="highlight.HighlightWebElement" time="5.552" errors="0" timestamp="2022-08-15T14:55:55 IST" skipped="0">
  <testcase classname="highlight.HighlightWebElement" name="test" time="5.552"/>
  <system-out/>
</testsuite> <!-- highlight.HighlightWebElement -->
