<?xml version="1.0" encoding="UTF-8"?>
<!-- Generated by org.testng.reporters.JUnitReportReporter -->
<testsuite hostname="INLEN8520051768" failures="0" tests="1" name="dropdown.HiddenDropDownValues" time="4.319" errors="0" timestamp="2022-08-14T20:13:51 IST" skipped="0">
  <testcase classname="dropdown.HiddenDropDownValues" name="run" time="4.319"/>
  <system-out/>
</testsuite> <!-- dropdown.HiddenDropDownValues -->
