<?xml version="1.0" encoding="UTF-8"?>
<!-- Generated by org.testng.reporters.JUnitReportReporter -->
<testsuite hostname="INLEN8520051768" failures="0" tests="1" name="uploadFiles.UploadFiles" time="11.281" errors="0" timestamp="2022-08-18T16:37:41 IST" skipped="0">
  <testcase classname="uploadFiles.UploadFiles" name="run" time="11.281"/>
  <system-out/>
</testsuite> <!-- uploadFiles.UploadFiles -->
